Traceback (most recent call last):
  File "/usr/lib/python3.10/runpy.py", line 196, in _run_module_as_main
    return _run_code(code, main_globals, None,
  File "/usr/lib/python3.10/runpy.py", line 86, in _run_code
    exec(code, run_globals)
  File "/root/stavki/.venv/lib/python3.10/site-packages/alembic/__main__.py", line 4, in <module>
    main(prog="alembic")
  File "/root/stavki/.venv/lib/python3.10/site-packages/alembic/config.py", line 1047, in main
    CommandLine(prog=prog).main(argv=argv)
  File "/root/stavki/.venv/lib/python3.10/site-packages/alembic/config.py", line 1037, in main
    self.run_cmd(cfg, options)
  File "/root/stavki/.venv/lib/python3.10/site-packages/alembic/config.py", line 971, in run_cmd
    fn(
  File "/root/stavki/.venv/lib/python3.10/site-packages/alembic/command.py", line 483, in upgrade
    script.run_env()
  File "/root/stavki/.venv/lib/python3.10/site-packages/alembic/script/base.py", line 545, in run_env
    util.load_python_file(self.dir, "env.py")
  File "/root/stavki/.venv/lib/python3.10/site-packages/alembic/util/pyfiles.py", line 116, in load_python_file
    module = load_module_py(module_id, path)
  File "/root/stavki/.venv/lib/python3.10/site-packages/alembic/util/pyfiles.py", line 136, in load_module_py
    spec.loader.exec_module(module)  # type: ignore
  File "<frozen importlib._bootstrap_external>", line 883, in exec_module
  File "<frozen importlib._bootstrap>", line 241, in _call_with_frames_removed
  File "/root/stavki/migrations/env.py", line 82, in <module>
    run()
  File "/root/stavki/migrations/env.py", line 79, in run
    asyncio.run(run_migrations_online())
  File "/usr/lib/python3.10/asyncio/runners.py", line 44, in run
    return loop.run_until_complete(main)
  File "/usr/lib/python3.10/asyncio/base_events.py", line 649, in run_until_complete
    return future.result()
  File "/root/stavki/migrations/env.py", line 69, in run_migrations_online
    async with connectable.connect() as connection:
  File "/root/stavki/.venv/lib/python3.10/site-packages/sqlalchemy/ext/asyncio/base.py", line 121, in __aenter__
    return await self.start(is_ctxmanager=True)
  File "/root/stavki/.venv/lib/python3.10/site-packages/sqlalchemy/ext/asyncio/engine.py", line 275, in start
    await greenlet_spawn(self.sync_engine.connect)
  File "/root/stavki/.venv/lib/python3.10/site-packages/sqlalchemy/util/_concurrency_py3k.py", line 201, in greenlet_spawn
    result = context.throw(*sys.exc_info())
  File "/root/stavki/.venv/lib/python3.10/site-packages/sqlalchemy/engine/base.py", line 3293, in connect
    return self._connection_cls(self)
  File "/root/stavki/.venv/lib/python3.10/site-packages/sqlalchemy/engine/base.py", line 143, in __init__
    self._dbapi_connection = engine.raw_connection()
  File "/root/stavki/.venv/lib/python3.10/site-packages/sqlalchemy/engine/base.py", line 3317, in raw_connection
    return self.pool.connect()
  File "/root/stavki/.venv/lib/python3.10/site-packages/sqlalchemy/pool/base.py", line 448, in connect
    return _ConnectionFairy._checkout(self)
  File "/root/stavki/.venv/lib/python3.10/site-packages/sqlalchemy/pool/base.py", line 1272, in _checkout
    fairy = _ConnectionRecord.checkout(pool)
  File "/root/stavki/.venv/lib/python3.10/site-packages/sqlalchemy/pool/base.py", line 712, in checkout
    rec = pool._do_get()
  File "/root/stavki/.venv/lib/python3.10/site-packages/sqlalchemy/pool/impl.py", line 306, in _do_get
    return self._create_connection()
  File "/root/stavki/.venv/lib/python3.10/site-packages/sqlalchemy/pool/base.py", line 389, in _create_connection
    return _ConnectionRecord(self)
  File "/root/stavki/.venv/lib/python3.10/site-packages/sqlalchemy/pool/base.py", line 674, in __init__
    self.__connect()
  File "/root/stavki/.venv/lib/python3.10/site-packages/sqlalchemy/pool/base.py", line 900, in __connect
    with util.safe_reraise():
  File "/root/stavki/.venv/lib/python3.10/site-packages/sqlalchemy/util/langhelpers.py", line 121, in __exit__
    raise exc_value.with_traceback(exc_tb)
  File "/root/stavki/.venv/lib/python3.10/site-packages/sqlalchemy/pool/base.py", line 896, in __connect
    self.dbapi_connection = connection = pool._invoke_creator(self)
  File "/root/stavki/.venv/lib/python3.10/site-packages/sqlalchemy/engine/create.py", line 667, in connect
    return dialect.connect(*cargs_tup, **cparams)
  File "/root/stavki/.venv/lib/python3.10/site-packages/sqlalchemy/engine/default.py", line 630, in connect
    return self.loaded_dbapi.connect(*cargs, **cparams)  # type: ignore[no-any-return]  # NOQA: E501
  File "/root/stavki/.venv/lib/python3.10/site-packages/sqlalchemy/dialects/postgresql/asyncpg.py", line 955, in connect
    await_only(creator_fn(*arg, **kw)),
  File "/root/stavki/.venv/lib/python3.10/site-packages/sqlalchemy/util/_concurrency_py3k.py", line 132, in await_only
    return current.parent.switch(awaitable)  # type: ignore[no-any-return,attr-defined] # noqa: E501
  File "/root/stavki/.venv/lib/python3.10/site-packages/sqlalchemy/util/_concurrency_py3k.py", line 196, in greenlet_spawn
    value = await result
  File "/root/stavki/.venv/lib/python3.10/site-packages/asyncpg/connection.py", line 2443, in connect
    return await connect_utils._connect(
  File "/root/stavki/.venv/lib/python3.10/site-packages/asyncpg/connect_utils.py", line 1218, in _connect
    conn = await _connect_addr(
  File "/root/stavki/.venv/lib/python3.10/site-packages/asyncpg/connect_utils.py", line 1054, in _connect_addr
    return await __connect_addr(params, True, *args)
  File "/root/stavki/.venv/lib/python3.10/site-packages/asyncpg/connect_utils.py", line 1102, in __connect_addr
    await connected
asyncpg.exceptions.InvalidPasswordError: password authentication failed for user "user"
